[2022-08-30 09:53:01] local.ERROR: Class 'Tymon\JWTAuth\Providers\JWTAuthServiceProvider' not found {"exception":"[object] (Error(code: 0): Class 'Tymon\\JWTAuth\\Providers\\JWTAuthServiceProvider' not found at /Users/yudiripayansah/works/kopikoding.me/easyco/backend/vendor/laravel/framework/src/Illuminate/Foundation/ProviderRepository.php:208)
[stacktrace]
#0 /Users/yudiripayansah/works/kopikoding.me/easyco/backend/vendor/laravel/framework/src/Illuminate/Foundation/ProviderRepository.php(144): Illuminate\\Foundation\\ProviderRepository->createProvider('Tymon\\\\JWTAuth\\\\P...')
#1 /Users/yudiripayansah/works/kopikoding.me/easyco/backend/vendor/laravel/framework/src/Illuminate/Foundation/ProviderRepository.php(61): Illuminate\\Foundation\\ProviderRepository->compileManifest(Array)
#2 /Users/yudiripayansah/works/kopikoding.me/easyco/backend/vendor/laravel/framework/src/Illuminate/Foundation/Application.php(659): Illuminate\\Foundation\\ProviderRepository->load(Array)
#3 /Users/yudiripayansah/works/kopikoding.me/easyco/backend/vendor/laravel/framework/src/Illuminate/Foundation/Bootstrap/RegisterProviders.php(17): Illuminate\\Foundation\\Application->registerConfiguredProviders()
#4 /Users/yudiripayansah/works/kopikoding.me/easyco/backend/vendor/laravel/framework/src/Illuminate/Foundation/Application.php(237): Illuminate\\Foundation\\Bootstrap\\RegisterProviders->bootstrap(Object(Illuminate\\Foundation\\Application))
#5 /Users/yudiripayansah/works/kopikoding.me/easyco/backend/vendor/laravel/framework/src/Illuminate/Foundation/Console/Kernel.php(310): Illuminate\\Foundation\\Application->bootstrapWith(Array)
#6 /Users/yudiripayansah/works/kopikoding.me/easyco/backend/vendor/laravel/framework/src/Illuminate/Foundation/Console/Kernel.php(127): Illuminate\\Foundation\\Console\\Kernel->bootstrap()
#7 /Users/yudiripayansah/works/kopikoding.me/easyco/backend/artisan(37): Illuminate\\Foundation\\Console\\Kernel->handle(Object(Symfony\\Component\\Console\\Input\\ArgvInput), Object(Symfony\\Component\\Console\\Output\\ConsoleOutput))
#8 {main}
"} 
[2022-08-30 09:53:36] local.ERROR: Class 'Tymon\JWTAuth\Providers\JWTAuthServiceProvider' not found {"exception":"[object] (Error(code: 0): Class 'Tymon\\JWTAuth\\Providers\\JWTAuthServiceProvider' not found at /Users/yudiripayansah/works/kopikoding.me/easyco/backend/vendor/laravel/framework/src/Illuminate/Foundation/ProviderRepository.php:208)
[stacktrace]
#0 /Users/yudiripayansah/works/kopikoding.me/easyco/backend/vendor/laravel/framework/src/Illuminate/Foundation/ProviderRepository.php(144): Illuminate\\Foundation\\ProviderRepository->createProvider('Tymon\\\\JWTAuth\\\\P...')
#1 /Users/yudiripayansah/works/kopikoding.me/easyco/backend/vendor/laravel/framework/src/Illuminate/Foundation/ProviderRepository.php(61): Illuminate\\Foundation\\ProviderRepository->compileManifest(Array)
#2 /Users/yudiripayansah/works/kopikoding.me/easyco/backend/vendor/laravel/framework/src/Illuminate/Foundation/Application.php(659): Illuminate\\Foundation\\ProviderRepository->load(Array)
#3 /Users/yudiripayansah/works/kopikoding.me/easyco/backend/vendor/laravel/framework/src/Illuminate/Foundation/Bootstrap/RegisterProviders.php(17): Illuminate\\Foundation\\Application->registerConfiguredProviders()
#4 /Users/yudiripayansah/works/kopikoding.me/easyco/backend/vendor/laravel/framework/src/Illuminate/Foundation/Application.php(237): Illuminate\\Foundation\\Bootstrap\\RegisterProviders->bootstrap(Object(Illuminate\\Foundation\\Application))
#5 /Users/yudiripayansah/works/kopikoding.me/easyco/backend/vendor/laravel/framework/src/Illuminate/Foundation/Console/Kernel.php(310): Illuminate\\Foundation\\Application->bootstrapWith(Array)
#6 /Users/yudiripayansah/works/kopikoding.me/easyco/backend/vendor/laravel/framework/src/Illuminate/Foundation/Console/Kernel.php(127): Illuminate\\Foundation\\Console\\Kernel->bootstrap()
#7 /Users/yudiripayansah/works/kopikoding.me/easyco/backend/artisan(37): Illuminate\\Foundation\\Console\\Kernel->handle(Object(Symfony\\Component\\Console\\Input\\ArgvInput), Object(Symfony\\Component\\Console\\Output\\ConsoleOutput))
#8 {main}
"} 
[2022-08-30 09:53:42] local.ERROR: Class 'Tymon\JWTAuth\Providers\JWTAuthServiceProvider' not found {"exception":"[object] (Error(code: 0): Class 'Tymon\\JWTAuth\\Providers\\JWTAuthServiceProvider' not found at /Users/yudiripayansah/works/kopikoding.me/easyco/backend/vendor/laravel/framework/src/Illuminate/Foundation/ProviderRepository.php:208)
[stacktrace]
#0 /Users/yudiripayansah/works/kopikoding.me/easyco/backend/vendor/laravel/framework/src/Illuminate/Foundation/ProviderRepository.php(144): Illuminate\\Foundation\\ProviderRepository->createProvider('Tymon\\\\JWTAuth\\\\P...')
#1 /Users/yudiripayansah/works/kopikoding.me/easyco/backend/vendor/laravel/framework/src/Illuminate/Foundation/ProviderRepository.php(61): Illuminate\\Foundation\\ProviderRepository->compileManifest(Array)
#2 /Users/yudiripayansah/works/kopikoding.me/easyco/backend/vendor/laravel/framework/src/Illuminate/Foundation/Application.php(659): Illuminate\\Foundation\\ProviderRepository->load(Array)
#3 /Users/yudiripayansah/works/kopikoding.me/easyco/backend/vendor/laravel/framework/src/Illuminate/Foundation/Bootstrap/RegisterProviders.php(17): Illuminate\\Foundation\\Application->registerConfiguredProviders()
#4 /Users/yudiripayansah/works/kopikoding.me/easyco/backend/vendor/laravel/framework/src/Illuminate/Foundation/Application.php(237): Illuminate\\Foundation\\Bootstrap\\RegisterProviders->bootstrap(Object(Illuminate\\Foundation\\Application))
#5 /Users/yudiripayansah/works/kopikoding.me/easyco/backend/vendor/laravel/framework/src/Illuminate/Foundation/Console/Kernel.php(310): Illuminate\\Foundation\\Application->bootstrapWith(Array)
#6 /Users/yudiripayansah/works/kopikoding.me/easyco/backend/vendor/laravel/framework/src/Illuminate/Foundation/Console/Kernel.php(127): Illuminate\\Foundation\\Console\\Kernel->bootstrap()
#7 /Users/yudiripayansah/works/kopikoding.me/easyco/backend/artisan(37): Illuminate\\Foundation\\Console\\Kernel->handle(Object(Symfony\\Component\\Console\\Input\\ArgvInput), Object(Symfony\\Component\\Console\\Output\\ConsoleOutput))
#8 {main}
"} 
[2022-08-30 09:55:42] local.ERROR: Class 'Tymon\JWTAuth\Providers\JWTAuthServiceProvider' not found {"exception":"[object] (Error(code: 0): Class 'Tymon\\JWTAuth\\Providers\\JWTAuthServiceProvider' not found at /Users/yudiripayansah/works/kopikoding.me/easyco/backend/vendor/laravel/framework/src/Illuminate/Foundation/ProviderRepository.php:208)
[stacktrace]
#0 /Users/yudiripayansah/works/kopikoding.me/easyco/backend/vendor/laravel/framework/src/Illuminate/Foundation/ProviderRepository.php(144): Illuminate\\Foundation\\ProviderRepository->createProvider('Tymon\\\\JWTAuth\\\\P...')
#1 /Users/yudiripayansah/works/kopikoding.me/easyco/backend/vendor/laravel/framework/src/Illuminate/Foundation/ProviderRepository.php(61): Illuminate\\Foundation\\ProviderRepository->compileManifest(Array)
#2 /Users/yudiripayansah/works/kopikoding.me/easyco/backend/vendor/laravel/framework/src/Illuminate/Foundation/Application.php(659): Illuminate\\Foundation\\ProviderRepository->load(Array)
#3 /Users/yudiripayansah/works/kopikoding.me/easyco/backend/vendor/laravel/framework/src/Illuminate/Foundation/Bootstrap/RegisterProviders.php(17): Illuminate\\Foundation\\Application->registerConfiguredProviders()
#4 /Users/yudiripayansah/works/kopikoding.me/easyco/backend/vendor/laravel/framework/src/Illuminate/Foundation/Application.php(237): Illuminate\\Foundation\\Bootstrap\\RegisterProviders->bootstrap(Object(Illuminate\\Foundation\\Application))
#5 /Users/yudiripayansah/works/kopikoding.me/easyco/backend/vendor/laravel/framework/src/Illuminate/Foundation/Console/Kernel.php(310): Illuminate\\Foundation\\Application->bootstrapWith(Array)
#6 /Users/yudiripayansah/works/kopikoding.me/easyco/backend/vendor/laravel/framework/src/Illuminate/Foundation/Console/Kernel.php(127): Illuminate\\Foundation\\Console\\Kernel->bootstrap()
#7 /Users/yudiripayansah/works/kopikoding.me/easyco/backend/artisan(37): Illuminate\\Foundation\\Console\\Kernel->handle(Object(Symfony\\Component\\Console\\Input\\ArgvInput), Object(Symfony\\Component\\Console\\Output\\ConsoleOutput))
#8 {main}
"} 
[2022-08-30 09:56:55] local.ERROR: Class 'Tymon\JWTAuth\Providers\JWTAuthServiceProvider' not found {"exception":"[object] (Error(code: 0): Class 'Tymon\\JWTAuth\\Providers\\JWTAuthServiceProvider' not found at /Users/yudiripayansah/works/kopikoding.me/easyco/backend/vendor/laravel/framework/src/Illuminate/Foundation/ProviderRepository.php:208)
[stacktrace]
#0 /Users/yudiripayansah/works/kopikoding.me/easyco/backend/vendor/laravel/framework/src/Illuminate/Foundation/ProviderRepository.php(144): Illuminate\\Foundation\\ProviderRepository->createProvider('Tymon\\\\JWTAuth\\\\P...')
#1 /Users/yudiripayansah/works/kopikoding.me/easyco/backend/vendor/laravel/framework/src/Illuminate/Foundation/ProviderRepository.php(61): Illuminate\\Foundation\\ProviderRepository->compileManifest(Array)
#2 /Users/yudiripayansah/works/kopikoding.me/easyco/backend/vendor/laravel/framework/src/Illuminate/Foundation/Application.php(659): Illuminate\\Foundation\\ProviderRepository->load(Array)
#3 /Users/yudiripayansah/works/kopikoding.me/easyco/backend/vendor/laravel/framework/src/Illuminate/Foundation/Bootstrap/RegisterProviders.php(17): Illuminate\\Foundation\\Application->registerConfiguredProviders()
#4 /Users/yudiripayansah/works/kopikoding.me/easyco/backend/vendor/laravel/framework/src/Illuminate/Foundation/Application.php(237): Illuminate\\Foundation\\Bootstrap\\RegisterProviders->bootstrap(Object(Illuminate\\Foundation\\Application))
#5 /Users/yudiripayansah/works/kopikoding.me/easyco/backend/vendor/laravel/framework/src/Illuminate/Foundation/Console/Kernel.php(310): Illuminate\\Foundation\\Application->bootstrapWith(Array)
#6 /Users/yudiripayansah/works/kopikoding.me/easyco/backend/vendor/laravel/framework/src/Illuminate/Foundation/Console/Kernel.php(127): Illuminate\\Foundation\\Console\\Kernel->bootstrap()
#7 /Users/yudiripayansah/works/kopikoding.me/easyco/backend/artisan(37): Illuminate\\Foundation\\Console\\Kernel->handle(Object(Symfony\\Component\\Console\\Input\\ArgvInput), Object(Symfony\\Component\\Console\\Output\\ConsoleOutput))
#8 {main}
"} 
[2022-08-30 09:58:50] local.ERROR: Class 'Tymon\JWTAuth\Providers\JWTAuthServiceProvider' not found {"exception":"[object] (Error(code: 0): Class 'Tymon\\JWTAuth\\Providers\\JWTAuthServiceProvider' not found at /Users/yudiripayansah/works/kopikoding.me/easyco/backend/vendor/laravel/framework/src/Illuminate/Foundation/ProviderRepository.php:208)
[stacktrace]
#0 /Users/yudiripayansah/works/kopikoding.me/easyco/backend/vendor/laravel/framework/src/Illuminate/Foundation/ProviderRepository.php(144): Illuminate\\Foundation\\ProviderRepository->createProvider('Tymon\\\\JWTAuth\\\\P...')
#1 /Users/yudiripayansah/works/kopikoding.me/easyco/backend/vendor/laravel/framework/src/Illuminate/Foundation/ProviderRepository.php(61): Illuminate\\Foundation\\ProviderRepository->compileManifest(Array)
#2 /Users/yudiripayansah/works/kopikoding.me/easyco/backend/vendor/laravel/framework/src/Illuminate/Foundation/Application.php(659): Illuminate\\Foundation\\ProviderRepository->load(Array)
#3 /Users/yudiripayansah/works/kopikoding.me/easyco/backend/vendor/laravel/framework/src/Illuminate/Foundation/Bootstrap/RegisterProviders.php(17): Illuminate\\Foundation\\Application->registerConfiguredProviders()
#4 /Users/yudiripayansah/works/kopikoding.me/easyco/backend/vendor/laravel/framework/src/Illuminate/Foundation/Application.php(237): Illuminate\\Foundation\\Bootstrap\\RegisterProviders->bootstrap(Object(Illuminate\\Foundation\\Application))
#5 /Users/yudiripayansah/works/kopikoding.me/easyco/backend/vendor/laravel/framework/src/Illuminate/Foundation/Console/Kernel.php(310): Illuminate\\Foundation\\Application->bootstrapWith(Array)
#6 /Users/yudiripayansah/works/kopikoding.me/easyco/backend/vendor/laravel/framework/src/Illuminate/Foundation/Console/Kernel.php(127): Illuminate\\Foundation\\Console\\Kernel->bootstrap()
#7 /Users/yudiripayansah/works/kopikoding.me/easyco/backend/artisan(37): Illuminate\\Foundation\\Console\\Kernel->handle(Object(Symfony\\Component\\Console\\Input\\ArgvInput), Object(Symfony\\Component\\Console\\Output\\ConsoleOutput))
#8 {main}
"} 
[2022-08-30 09:59:35] local.ERROR: Class 'Tymon\JWTAuth\Providers\JWTAuthServiceProvider' not found {"exception":"[object] (Error(code: 0): Class 'Tymon\\JWTAuth\\Providers\\JWTAuthServiceProvider' not found at /Users/yudiripayansah/works/kopikoding.me/easyco/backend/vendor/laravel/framework/src/Illuminate/Foundation/ProviderRepository.php:208)
[stacktrace]
#0 /Users/yudiripayansah/works/kopikoding.me/easyco/backend/vendor/laravel/framework/src/Illuminate/Foundation/ProviderRepository.php(144): Illuminate\\Foundation\\ProviderRepository->createProvider('Tymon\\\\JWTAuth\\\\P...')
#1 /Users/yudiripayansah/works/kopikoding.me/easyco/backend/vendor/laravel/framework/src/Illuminate/Foundation/ProviderRepository.php(61): Illuminate\\Foundation\\ProviderRepository->compileManifest(Array)
#2 /Users/yudiripayansah/works/kopikoding.me/easyco/backend/vendor/laravel/framework/src/Illuminate/Foundation/Application.php(659): Illuminate\\Foundation\\ProviderRepository->load(Array)
#3 /Users/yudiripayansah/works/kopikoding.me/easyco/backend/vendor/laravel/framework/src/Illuminate/Foundation/Bootstrap/RegisterProviders.php(17): Illuminate\\Foundation\\Application->registerConfiguredProviders()
#4 /Users/yudiripayansah/works/kopikoding.me/easyco/backend/vendor/laravel/framework/src/Illuminate/Foundation/Application.php(237): Illuminate\\Foundation\\Bootstrap\\RegisterProviders->bootstrap(Object(Illuminate\\Foundation\\Application))
#5 /Users/yudiripayansah/works/kopikoding.me/easyco/backend/vendor/laravel/framework/src/Illuminate/Foundation/Console/Kernel.php(310): Illuminate\\Foundation\\Application->bootstrapWith(Array)
#6 /Users/yudiripayansah/works/kopikoding.me/easyco/backend/vendor/laravel/framework/src/Illuminate/Foundation/Console/Kernel.php(127): Illuminate\\Foundation\\Console\\Kernel->bootstrap()
#7 /Users/yudiripayansah/works/kopikoding.me/easyco/backend/artisan(37): Illuminate\\Foundation\\Console\\Kernel->handle(Object(Symfony\\Component\\Console\\Input\\ArgvInput), Object(Symfony\\Component\\Console\\Output\\ConsoleOutput))
#8 {main}
"} 
[2022-08-30 10:00:36] local.ERROR: Class 'Tymon\JWTAuth\Providers\JWTAuthServiceProvider' not found {"exception":"[object] (Error(code: 0): Class 'Tymon\\JWTAuth\\Providers\\JWTAuthServiceProvider' not found at /Users/yudiripayansah/works/kopikoding.me/easyco/backend/vendor/laravel/framework/src/Illuminate/Foundation/ProviderRepository.php:208)
[stacktrace]
#0 /Users/yudiripayansah/works/kopikoding.me/easyco/backend/vendor/laravel/framework/src/Illuminate/Foundation/ProviderRepository.php(144): Illuminate\\Foundation\\ProviderRepository->createProvider('Tymon\\\\JWTAuth\\\\P...')
#1 /Users/yudiripayansah/works/kopikoding.me/easyco/backend/vendor/laravel/framework/src/Illuminate/Foundation/ProviderRepository.php(61): Illuminate\\Foundation\\ProviderRepository->compileManifest(Array)
#2 /Users/yudiripayansah/works/kopikoding.me/easyco/backend/vendor/laravel/framework/src/Illuminate/Foundation/Application.php(659): Illuminate\\Foundation\\ProviderRepository->load(Array)
#3 /Users/yudiripayansah/works/kopikoding.me/easyco/backend/vendor/laravel/framework/src/Illuminate/Foundation/Bootstrap/RegisterProviders.php(17): Illuminate\\Foundation\\Application->registerConfiguredProviders()
#4 /Users/yudiripayansah/works/kopikoding.me/easyco/backend/vendor/laravel/framework/src/Illuminate/Foundation/Application.php(237): Illuminate\\Foundation\\Bootstrap\\RegisterProviders->bootstrap(Object(Illuminate\\Foundation\\Application))
#5 /Users/yudiripayansah/works/kopikoding.me/easyco/backend/vendor/laravel/framework/src/Illuminate/Foundation/Console/Kernel.php(310): Illuminate\\Foundation\\Application->bootstrapWith(Array)
#6 /Users/yudiripayansah/works/kopikoding.me/easyco/backend/vendor/laravel/framework/src/Illuminate/Foundation/Console/Kernel.php(127): Illuminate\\Foundation\\Console\\Kernel->bootstrap()
#7 /Users/yudiripayansah/works/kopikoding.me/easyco/backend/artisan(37): Illuminate\\Foundation\\Console\\Kernel->handle(Object(Symfony\\Component\\Console\\Input\\ArgvInput), Object(Symfony\\Component\\Console\\Output\\ConsoleOutput))
#8 {main}
"} 
[2022-08-30 10:00:54] local.ERROR: Class 'Tymon\JWTAuth\Providers\JWTAuthServiceProvider' not found {"exception":"[object] (Error(code: 0): Class 'Tymon\\JWTAuth\\Providers\\JWTAuthServiceProvider' not found at /Users/yudiripayansah/works/kopikoding.me/easyco/backend/vendor/laravel/framework/src/Illuminate/Foundation/ProviderRepository.php:208)
[stacktrace]
#0 /Users/yudiripayansah/works/kopikoding.me/easyco/backend/vendor/laravel/framework/src/Illuminate/Foundation/ProviderRepository.php(144): Illuminate\\Foundation\\ProviderRepository->createProvider('Tymon\\\\JWTAuth\\\\P...')
#1 /Users/yudiripayansah/works/kopikoding.me/easyco/backend/vendor/laravel/framework/src/Illuminate/Foundation/ProviderRepository.php(61): Illuminate\\Foundation\\ProviderRepository->compileManifest(Array)
#2 /Users/yudiripayansah/works/kopikoding.me/easyco/backend/vendor/laravel/framework/src/Illuminate/Foundation/Application.php(659): Illuminate\\Foundation\\ProviderRepository->load(Array)
#3 /Users/yudiripayansah/works/kopikoding.me/easyco/backend/vendor/laravel/framework/src/Illuminate/Foundation/Bootstrap/RegisterProviders.php(17): Illuminate\\Foundation\\Application->registerConfiguredProviders()
#4 /Users/yudiripayansah/works/kopikoding.me/easyco/backend/vendor/laravel/framework/src/Illuminate/Foundation/Application.php(237): Illuminate\\Foundation\\Bootstrap\\RegisterProviders->bootstrap(Object(Illuminate\\Foundation\\Application))
#5 /Users/yudiripayansah/works/kopikoding.me/easyco/backend/vendor/laravel/framework/src/Illuminate/Foundation/Console/Kernel.php(310): Illuminate\\Foundation\\Application->bootstrapWith(Array)
#6 /Users/yudiripayansah/works/kopikoding.me/easyco/backend/vendor/laravel/framework/src/Illuminate/Foundation/Console/Kernel.php(127): Illuminate\\Foundation\\Console\\Kernel->bootstrap()
#7 /Users/yudiripayansah/works/kopikoding.me/easyco/backend/artisan(37): Illuminate\\Foundation\\Console\\Kernel->handle(Object(Symfony\\Component\\Console\\Input\\ArgvInput), Object(Symfony\\Component\\Console\\Output\\ConsoleOutput))
#8 {main}
"} 
[2022-09-03 04:51:14] local.ERROR: Class 'Tymon\JWTAuth\Providers\JWTAuthServiceProvider' not found {"exception":"[object] (Error(code: 0): Class 'Tymon\\JWTAuth\\Providers\\JWTAuthServiceProvider' not found at /Users/yudiripayansah/works/kopikoding.me/easyco/backend/vendor/laravel/framework/src/Illuminate/Foundation/ProviderRepository.php:208)
[stacktrace]
#0 /Users/yudiripayansah/works/kopikoding.me/easyco/backend/vendor/laravel/framework/src/Illuminate/Foundation/ProviderRepository.php(144): Illuminate\\Foundation\\ProviderRepository->createProvider('Tymon\\\\JWTAuth\\\\P...')
#1 /Users/yudiripayansah/works/kopikoding.me/easyco/backend/vendor/laravel/framework/src/Illuminate/Foundation/ProviderRepository.php(61): Illuminate\\Foundation\\ProviderRepository->compileManifest(Array)
#2 /Users/yudiripayansah/works/kopikoding.me/easyco/backend/vendor/laravel/framework/src/Illuminate/Foundation/Application.php(659): Illuminate\\Foundation\\ProviderRepository->load(Array)
#3 /Users/yudiripayansah/works/kopikoding.me/easyco/backend/vendor/laravel/framework/src/Illuminate/Foundation/Bootstrap/RegisterProviders.php(17): Illuminate\\Foundation\\Application->registerConfiguredProviders()
#4 /Users/yudiripayansah/works/kopikoding.me/easyco/backend/vendor/laravel/framework/src/Illuminate/Foundation/Application.php(237): Illuminate\\Foundation\\Bootstrap\\RegisterProviders->bootstrap(Object(Illuminate\\Foundation\\Application))
#5 /Users/yudiripayansah/works/kopikoding.me/easyco/backend/vendor/laravel/framework/src/Illuminate/Foundation/Console/Kernel.php(310): Illuminate\\Foundation\\Application->bootstrapWith(Array)
#6 /Users/yudiripayansah/works/kopikoding.me/easyco/backend/vendor/laravel/framework/src/Illuminate/Foundation/Console/Kernel.php(127): Illuminate\\Foundation\\Console\\Kernel->bootstrap()
#7 /Users/yudiripayansah/works/kopikoding.me/easyco/backend/artisan(37): Illuminate\\Foundation\\Console\\Kernel->handle(Object(Symfony\\Component\\Console\\Input\\ArgvInput), Object(Symfony\\Component\\Console\\Output\\ConsoleOutput))
#8 {main}
"} 
